<?xml version="1.0" encoding="UTF-8"?>
<!-- Generated by org.testng.reporters.JUnitReportReporter -->
<testsuite hostname="DESKTOP-HNLDSPC" failures="0" tests="2" name="TestRunner.Run" time="36.862" errors="0" timestamp="2022-08-15T16:34:02 IST" skipped="0">
  <testcase classname="TestRunner.Run" name="runScenario" time="25.693"/>
  <system-out/>
  <testcase classname="TestRunner.Run" name="runScenario" time="11.169"/>
  <system-out/>
</testsuite> <!-- TestRunner.Run -->
